<?xml version="1.0" encoding="UTF-8"?>
<testsuite name="foo.AppTest" time="38.538" tests="5" errors="0" skipped="0" failures="1">
  <properties>
[...]
</properties>
  <testcase name="test1_Landing" classname="foo.AppTest" time="0.957"/>
  <testcase name="test2_Login" classname="foo.AppTest" time="13.926"/>
  <testcase name="test3_NavigateToMenu" classname="foo.AppTest" time="20.846"/>
  <testcase name="test5_NavigateToHome" classname="foo.AppTest" time="1.294"/>
  <testcase name="test9_Logout" classname="foo.AppTest" time="1.515">
    <failure message="An element could not be located on the page using the given search parameters. (WARNING: The server did not provide any stacktrace information)&#10;Command duration or timeout: 1.47 seconds&#10;For documentation on this error, please visit: http://seleniumhq.org/exceptions/no_such_element.html&#10;Build info: version: &apos;2.47.1&apos;, revision: &apos;unknown&apos;, time: &apos;2015-07-30 11:02:44&apos;&#10;System info: host: &apos;CHDSEZ301299D&apos;, ip: &apos;10.152.225.172&apos;, os.name: &apos;Windows 7&apos;, os.arch: &apos;x86&apos;, os.version: &apos;6.1&apos;, java.version: &apos;1.7.0_67&apos;&#10;*** Element info: {Using=id, value=android:id/action_bar_title}&#10;Session ID: dd10c091-a70f-4ebf-94d3-d8c359be6c3a&#10;Driver info: io.appium.java_client.android.AndroidDriver&#10;Capabilities [{platform=LINUX, app=C:\Users\dhiraj01\Downloads\smartdriver-android-1.6-SNAPSHOT[staging644].apk, javascriptEnabled=true, appActivity=.activity.WelcomeActivity, browserName=Android, networkConnectionEnabled=true, desired={app=C:\Users\dhiraj01\Downloads\smartdriver-android-1.6-SNAPSHOT[staging644].apk, platformName=Android, deviceName=HT489WM03504, appActivity=.activity.WelcomeActivity, appWaitActivity=.activity.WelcomeActivity, appPackage=com.tower.smartdriver}, locationContextEnabled=false, appPackage=com.tower.smartdriver, platformVersion=5.1.1, databaseEnabled=false, deviceName=0cbbdc0a032f9efa, platformName=Android, appWaitActivity=.activity.WelcomeActivity, webStorageEnabled=false, warnings={}, takesScreenshot=true}]" type="org.openqa.selenium.NoSuchElementException">org.openqa.selenium.NoSuchElementException: An element could not be located on the page using the given search parameters. (WARNING: The server did not provide any stacktrace information)
Command duration or timeout: 1.47 seconds
For documentation on this error, please visit: http://seleniumhq.org/exceptions/no_such_element.html
Build info: version: '2.47.1', revision: 'unknown', time: '2015-07-30 11:02:44'
System info: host: 'CHDSEZ301299D', ip: '10.152.225.172', os.name: 'Windows 7', os.arch: 'x86', os.version: '6.1', java.version: '1.7.0_67'
*** Element info: {Using=id, value=android:id/action_bar_title}
Session ID: dd10c091-a70f-4ebf-94d3-d8c359be6c3a
Driver info: io.appium.java_client.android.AndroidDriver
Capabilities [{platform=LINUX, app=C:\Users\dhiraj01\Downloads\smartdriver-android-1.6-SNAPSHOT[staging644].apk, javascriptEnabled=true, appActivity=.activity.WelcomeActivity, browserName=Android, networkConnectionEnabled=true, desired={app=C:\Users\dhiraj01\Downloads\smartdriver-android-1.6-SNAPSHOT[staging644].apk, platformName=Android, deviceName=HT489WM03504, appActivity=.activity.WelcomeActivity, appWaitActivity=.activity.WelcomeActivity, appPackage=com.tower.smartdriver}, locationContextEnabled=false, appPackage=com.tower.smartdriver, platformVersion=5.1.1, databaseEnabled=false, deviceName=0cbbdc0a032f9efa, platformName=Android, appWaitActivity=.activity.WelcomeActivity, webStorageEnabled=false, warnings={}, takesScreenshot=true}]
	at sun.reflect.NativeConstructorAccessorImpl.newInstance0(Native Method)
	at sun.reflect.NativeConstructorAccessorImpl.newInstance(NativeConstructorAccessorImpl.java:57)
	at sun.reflect.DelegatingConstructorAccessorImpl.newInstance(DelegatingConstructorAccessorImpl.java:45)
	at java.lang.reflect.Constructor.newInstance(Constructor.java:526)
	at org.openqa.selenium.remote.ErrorHandler.createThrowable(ErrorHandler.java:206)
	at org.openqa.selenium.remote.ErrorHandler.throwIfResponseFailed(ErrorHandler.java:158)
	at org.openqa.selenium.remote.RemoteWebDriver.execute(RemoteWebDriver.java:595)
	at io.appium.java_client.DefaultGenericMobileDriver.execute(DefaultGenericMobileDriver.java:42)
	at io.appium.java_client.AppiumDriver.execute(AppiumDriver.java:1)
	at io.appium.java_client.android.AndroidDriver.execute(AndroidDriver.java:1)
	at org.openqa.selenium.remote.RemoteWebDriver.findElement(RemoteWebDriver.java:348)
	at org.openqa.selenium.remote.RemoteWebDriver.findElementById(RemoteWebDriver.java:389)
	at io.appium.java_client.DefaultGenericMobileDriver.findElementById(DefaultGenericMobileDriver.java:62)
	at io.appium.java_client.AppiumDriver.findElementById(AppiumDriver.java:1)
	at io.appium.java_client.android.AndroidDriver.findElementById(AndroidDriver.java:1)
	at org.openqa.selenium.By$ById.findElement(By.java:215)
	at org.openqa.selenium.remote.RemoteWebDriver.findElement(RemoteWebDriver.java:340)
	at io.appium.java_client.DefaultGenericMobileDriver.findElement(DefaultGenericMobileDriver.java:52)
	at io.appium.java_client.AppiumDriver.findElement(AppiumDriver.java:1)
	at io.appium.java_client.android.AndroidDriver.findElement(AndroidDriver.java:1)
	at foo.AppTest.test9_Logout(AppTest.java:268)
</failure>
  </testcase>
</testsuite>