<?xml version="1.0" encoding="UTF-8"?>
<testng-results skipped="0" failed="0" total="1" passed="1">
  <reporter-output>
  </reporter-output>
  <suite name="Surefire suite" duration-ms="40352" started-at="2015-10-08T13:00:17Z" finished-at="2015-10-08T13:00:58Z">
    <groups>
    </groups>
    <test name="Surefire test" duration-ms="40352" started-at="2015-10-08T13:00:17Z" finished-at="2015-10-08T13:00:58Z">
      <class name="foo.AppTest">
        <test-method status="PASS" signature="setup()" name="setup" is-config="true" duration-ms="34205" started-at="2015-10-08T13:00:17Z" finished-at="2015-10-08T13:00:51Z">
        </test-method>
        <test-method status="PASS" signature="test1_Start()" name="test1_Start" duration-ms="6139" started-at="2015-10-08T13:00:51Z" finished-at="2015-10-08T13:00:58Z">
        </test-method>
      </class>
    </test>
  </suite>
</testng-results>
