<?xml version="1.0" encoding="UTF-8"?>
<testng-results skipped="0" failed="0" total="1" passed="1">
  <reporter-output>
  </reporter-output>
  <suite name="Surefire suite" duration-ms="36237" started-at="2015-10-06T12:17:29Z" finished-at="2015-10-06T12:18:05Z">
    <groups>
    </groups>
    <test name="Surefire test" duration-ms="36237" started-at="2015-10-06T12:17:29Z" finished-at="2015-10-06T12:18:05Z">
      <class name="foo.AppTest">
        <test-method status="PASS" signature="setup()" name="setup" is-config="true" duration-ms="11921" started-at="2015-10-06T12:17:29Z" finished-at="2015-10-06T12:17:41Z">
        </test-method>
        <test-method status="PASS" signature="test1_Start()" name="test1_Start" duration-ms="24309" started-at="2015-10-06T12:17:41Z" finished-at="2015-10-06T12:18:05Z">
        </test-method>
      </class>
    </test>
  </suite>
</testng-results>
